# JRE version: Java(TM) SE Runtime Environment (9.0+11) (build 9.0.4+11)
# Java VM: Java HotSpot(TM) 64-Bit Server VM (9.0.4+11, mixed mode, tiered, compressed oops, g1 gc, windows-amd64)
Heap:
 garbage-first heap   total 331776K, used 147213K [0x0000000700000000, 0x0000000700100a20, 0x00000007c0000000)
  region size 1024K, 11 young (11264K), 0 survivors (0K)
 Metaspace       used 94892K, capacity 102416K, committed 102576K, reserved 1136640K
  class space    used 13439K, capacity 14756K, committed 14768K, reserved 1048576K
GC Heap History (10 events):
Event: 1383.828 GC heap before
{Heap before GC invocations=536 (full 38):
 garbage-first heap   total 331776K, used 180031K [0x0000000700000000, 0x0000000700100a20, 0x00000007c0000000)
  region size 1024K, 60 young (61440K), 1 survivors (1024K)
 Metaspace       used 93578K, capacity 100992K, committed 101296K, reserved 1136640K
  class space    used 13187K, capacity 14454K, committed 14512K, reserved 1048576K
}
Event: 1383.832 GC heap after
{Heap after GC invocations=537 (full 38):
 garbage-first heap   total 331776K, used 120340K [0x0000000700000000, 0x0000000700100a20, 0x00000007c0000000)
  region size 1024K, 2 young (2048K), 2 survivors (2048K)
 Metaspace       used 93578K, capacity 100992K, committed 101296K, reserved 1136640K
  class space    used 13187K, capacity 14454K, committed 14512K, reserved 1048576K
}
Event: 1387.735 GC heap before
{Heap before GC invocations=537 (full 38):
 garbage-first heap   total 331776K, used 184852K [0x0000000700000000, 0x0000000700100a20, 0x00000007c0000000)
  region size 1024K, 60 young (61440K), 2 survivors (2048K)
 Metaspace       used 94678K, capacity 102178K, committed 102320K, reserved 1136640K
  class space    used 13393K, capacity 14691K, committed 14768K, reserved 1048576K
}
Event: 1387.741 GC heap after
{Heap after GC invocations=538 (full 38):
 garbage-first heap   total 331776K, used 127808K [0x0000000700000000, 0x0000000700100a20, 0x00000007c0000000)
  region size 1024K, 4 young (4096K), 4 survivors (4096K)
 Metaspace       used 94678K, capacity 102178K, committed 102320K, reserved 1136640K
  class space    used 13393K, capacity 14691K, committed 14768K, reserved 1048576K
}
Event: 1389.267 GC heap before
{Heap before GC invocations=538 (full 38):
 garbage-first heap   total 331776K, used 166720K [0x0000000700000000, 0x0000000700100a20, 0x00000007c0000000)
  region size 1024K, 42 young (43008K), 4 survivors (4096K)
 Metaspace       used 94795K, capacity 102274K, committed 102320K, reserved 1136640K
  class space    used 13420K, capacity 14723K, committed 14768K, reserved 1048576K
}
Event: 1389.506 GC heap after
{Heap after GC invocations=539 (full 39):
 garbage-first heap   total 331776K, used 120486K [0x0000000700000000, 0x0000000700100a20, 0x00000007c0000000)
  region size 1024K, 0 young (0K), 0 survivors (0K)
 Metaspace       used 94795K, capacity 102274K, committed 102320K, reserved 1136640K
  class space    used 13420K, capacity 14723K, committed 14768K, reserved 1048576K
}
Event: 1390.905 GC heap before
{Heap before GC invocations=539 (full 39):
 garbage-first heap   total 331776K, used 182950K [0x0000000700000000, 0x0000000700100a20, 0x00000007c0000000)
  region size 1024K, 60 young (61440K), 0 survivors (0K)
 Metaspace       used 94801K, capacity 102274K, committed 102320K, reserved 1136640K
  class space    used 13420K, capacity 14723K, committed 14768K, reserved 1048576K
}
Event: 1390.907 GC heap after
{Heap after GC invocations=540 (full 39):
 garbage-first heap   total 331776K, used 122534K [0x0000000700000000, 0x0000000700100a20, 0x00000007c0000000)
  region size 1024K, 1 young (1024K), 1 survivors (1024K)
 Metaspace       used 94801K, capacity 102274K, committed 102320K, reserved 1136640K
  class space    used 13420K, capacity 14723K, committed 14768K, reserved 1048576K
}
Event: 1411.241 GC heap before
{Heap before GC invocations=540 (full 39):
 garbage-first heap   total 331776K, used 141990K [0x0000000700000000, 0x0000000700100a20, 0x00000007c0000000)
  region size 1024K, 21 young (21504K), 1 survivors (1024K)
 Metaspace       used 94860K, capacity 102410K, committed 102576K, reserved 1136640K
  class space    used 13437K, capacity 14755K, committed 14768K, reserved 1048576K
}
Event: 1465.882 GC heap after
{Heap after GC invocations=541 (full 40):
 garbage-first heap   total 331776K, used 120589K [0x0000000700000000, 0x0000000700100a20, 0x00000007c0000000)
  region size 1024K, 0 young (0K), 0 survivors (0K)
 Metaspace       used 94860K, capacity 102410K, committed 102576K, reserved 1136640K
  class space    used 13437K, capacity 14755K, committed 14768K, reserved 1048576K
}

